Information: Propagating switching activity (medium effort zero delay simulation). (PWR-6)
Warning: Design has unannotated primary inputs. (PWR-414)
Warning: Design has unannotated sequential cell outputs. (PWR-415)
 
****************************************
Report : power
        -analysis_effort medium
Design : my_module
Version: Q-2019.12-SP3
Date   : Sun Jun 15 02:36:32 2025
****************************************


Library(s) Used:

    saed32rvt_ss0p95v125c (File: /pkgs/synopsys/2020/32_28nm/SAED32_EDK/lib/stdcell_rvt/db_nldm/saed32rvt_ss0p95v125c.db)


Operating Conditions: ss0p95v125c   Library: saed32rvt_ss0p95v125c
Wire Load Model Mode: enclosed

Design        Wire Load Model            Library
------------------------------------------------
my_module              ForQA             saed32rvt_ss0p95v125c


Global Operating Voltage = 0.95 
Power-specific unit information :
    Voltage Units = 1V
    Capacitance Units = 1.000000ff
    Time Units = 1ns
    Dynamic Power Units = 1uW    (derived from V,C,T units)
    Leakage Power Units = 1pW


  Cell Internal Power  =  27.7226 uW   (99%)
  Net Switching Power  = 390.4995 nW    (1%)
                         ---------
Total Dynamic Power    =  28.1131 uW  (100%)

Cell Leakage Power     =   7.1164 uW


                 Internal         Switching           Leakage            Total
Power Group      Power            Power               Power              Power   (   %    )  Attrs
--------------------------------------------------------------------------------------------------
io_pad             0.0000            0.0000            0.0000            0.0000  (   0.00%)
memory             0.0000            0.0000            0.0000            0.0000  (   0.00%)
black_box          0.0000            0.0000            0.0000            0.0000  (   0.00%)
clock_network      0.0000            0.0000            0.0000            0.0000  (   0.00%)
register          27.5598        1.4781e-02        4.7211e+06           32.2956  (  91.67%)
sequential         0.0000            0.0000            0.0000            0.0000  (   0.00%)
combinational      0.1629            0.3757        2.3954e+06            2.9340  (   8.33%)
--------------------------------------------------------------------------------------------------
Total             27.7227 uW         0.3905 uW     7.1164e+06 pW        35.2296 uW
1
